learning_rate,beta_1,beta_2,epsilon,accuracy
0.0004,0.82,0.74,5e-07,0.9337607026100159
0.0003,0.52,0.66,4e-07,0.9209401607513428
0.0005,0.69,0.58,1e-07,0.9059829115867615
0.0005,0.87,0.78,1e-07,0.8739316463470459
0.0004,0.53,0.89,5e-07,0.9081196784973145
0.0008,0.78,0.75,6e-07,0.8995726704597473
0.0002,0.95,0.53,8e-07,0.4594016969203949
0.0007,0.68,0.88,5e-07,0.9166666865348816
0.0005,0.8,0.63,8e-07,0.9102563858032227
0.0002,0.75,0.6,6e-07,0.9465811848640442
0.0008,0.81,0.93,3e-07,0.9188033938407898
0.0008,0.94,0.7,9e-07,0.4764957129955292
0.0007,0.68,0.81,5e-07,0.9123931527137756
0.0004,0.63,0.71,3e-07,0.9188033938407898
0.0001,0.89,0.67,2e-07,0.94017094373703
0.0004,0.95,0.72,5e-07,0.4615384638309479
0.0005,0.87,0.52,9e-07,0.4594016969203949
0.0002,0.96,0.97,7e-07,0.94017094373703
0.0007,0.93,0.54,1e-07,0.4594016969203949
0.0008,0.83,0.78,7e-07,0.8739316463470459
0.0002,0.56,0.71,7e-07,0.9294871687889099
0.0007,0.89,0.85,7e-07,0.9337607026100159
0.0008,0.83,0.58,7e-07,0.49358972907066345
0.0004,0.76,0.55,2e-07,0.938034176826477
0.0006,0.76,0.54,3e-07,0.4594016969203949
0.0006,0.72,0.86,9e-07,0.9123931527137756
0.0005,0.87,0.62,3e-07,0.8333333134651184
0.0005,0.83,0.73,5e-07,0.9209401607513428
0.0007,0.9,0.65,4e-07,0.4829059839248657
0.0006,0.91,0.91,7e-07,0.9273504018783569
0.0006,0.63,0.93,6e-07,0.8952991366386414
0.0007,0.66,0.79,2e-07,0.8910256624221802
0.0007,0.79,0.91,7e-07,0.9230769276618958
0.0001,0.94,0.66,7e-07,0.9316239356994629
0.0008,0.53,0.86,1e-07,0.75
0.0007,0.6,0.91,6e-07,0.4594016969203949
0.0004,0.99,0.85,2e-07,0.4893162250518799
0.0003,0.85,0.61,3e-07,0.9273504018783569
0.0002,0.98,0.81,5e-07,0.6495726704597473
0.0008,0.81,0.74,2e-07,0.4594016969203949
0.0007,0.68,0.66,8e-07,0.9487179517745972
0.0006,0.84,0.54,4e-07,0.46581196784973145
0.0005,0.57,0.86,4e-07,0.8760683536529541
0.0002,0.88,0.85,8e-07,0.9273504018783569
0.0007,0.93,0.67,5e-07,0.4594016969203949
0.0005,0.83,0.85,3e-07,0.9252136945724487
0.0009,0.59,0.92,3e-07,0.8696581125259399
0.0005,0.59,0.58,8e-07,0.9273504018783569
0.0008,0.57,0.59,1e-07,0.8589743375778198
0.0009,0.62,0.69,8e-07,0.8846153616905212
0.0005,0.71,0.56,5e-07,0.9252136945724487
0.0002,0.54,0.79,8e-07,0.9337607026100159
0.0004,0.71,0.64,6e-07,0.9188033938407898
0.0004,0.62,0.52,3e-07,0.9316239356994629
0.0004,0.8,0.59,8e-07,0.9166666865348816
0.0009,0.96,0.56,4e-07,0.4594016969203949
0.0003,0.53,0.6,4e-07,0.9252136945724487
0.0006,0.7,0.9,3e-07,0.9017093777656555
0.0006,0.98,0.61,1e-07,0.4594016969203949
0.0005,0.92,0.6,9e-07,0.46367520093917847
0.0008,0.59,0.64,9e-07,0.882478654384613
0.0003,0.96,0.61,5e-07,0.5128205418586731
0.0005,0.76,0.75,5e-07,0.9166666865348816
0.0003,0.95,0.82,3e-07,0.9188033938407898
0.0001,0.74,0.77,8e-07,0.9444444179534912
0.0001,0.55,0.7,8e-07,0.942307710647583
0.0004,0.87,0.57,3e-07,0.4764957129955292
0.0005,0.88,0.78,3e-07,0.9188033938407898
0.0003,0.95,0.77,5e-07,0.8760683536529541
0.0002,0.63,0.68,3e-07,0.938034176826477
0.0005,0.71,0.61,3e-07,0.9316239356994629
0.0005,0.6,0.74,6e-07,0.9123931527137756
0.0003,0.68,0.98,5e-07,0.9294871687889099
0.0001,0.65,0.52,5e-07,0.9594017267227173
0.0004,0.96,0.71,6e-07,0.5705128312110901
0.0008,0.7,0.58,6e-07,0.9316239356994629
0.0005,0.89,0.96,6e-07,0.9081196784973145
0.0002,0.85,0.75,6e-07,0.94017094373703
0.0008,0.98,0.83,5e-07,0.4594016969203949
0.0007,0.72,0.94,3e-07,0.8910256624221802
0.0006,0.82,0.94,8e-07,0.9358974099159241
0.0009,0.95,0.87,8e-07,0.8354700803756714
0.0008,0.71,0.83,6e-07,0.9123931527137756
0.0009,0.83,0.59,1e-07,0.46794870495796204
0.0009,0.6,0.82,3e-07,0.4594016969203949
0.0005,0.5,0.5,5e-07,0.9081196784973145
0.0006,0.62,0.65,2e-07,0.9230769276618958
0.0003,0.58,0.55,2e-07,0.9358974099159241
0.0002,0.56,0.72,8e-07,0.9230769276618958
0.0003,0.5,0.57,8e-07,0.942307710647583
0.0008,0.63,0.51,3e-07,0.9102563858032227
0.0003,0.85,0.85,5e-07,0.9252136945724487
0.0003,0.73,0.82,8e-07,0.9358974099159241
0.0007,0.61,0.75,6e-07,0.9166666865348816
0.0007,0.89,0.58,3e-07,0.4871794879436493
0.0002,0.8,0.91,6e-07,0.9166666865348816
0.0005,0.69,0.64,2e-07,0.9230769276618958
0.0002,0.71,0.65,7e-07,0.9529914259910583
0.0007,0.66,0.61,7e-07,0.4594016969203949
0.0002,0.85,0.52,6e-07,0.9230769276618958
0.0005,0.75,0.69,8e-07,0.9166666865348816
0.0005,0.6,0.74,6e-07,0.9017093777656555
0.0009,0.7,0.85,3e-07,0.8653846383094788
0.0005,0.86,0.54,4e-07,0.4893162250518799
0.0008,0.61,0.63,7e-07,0.938034176826477
0.0006,0.78,0.89,7e-07,0.9102563858032227
0.0009,0.8,0.79,1e-07,0.9123931527137756
0.0008,0.66,0.71,6e-07,0.8974359035491943
0.0005,0.97,0.72,2e-07,0.5705128312110901
0.0002,0.85,0.82,2e-07,0.9358974099159241
0.0002,0.83,0.85,7e-07,0.9273504018783569
0.0004,0.87,0.65,9e-07,0.9209401607513428
0.0002,0.82,0.82,9e-07,0.94017094373703
0.0005,0.58,0.74,6e-07,0.8888888955116272
0.0003,0.73,0.82,7e-07,0.9209401607513428
0.0002,0.51,0.51,3e-07,0.9059829115867615
0.0002,0.84,0.95,5e-07,0.9209401607513428
0.0008,0.66,0.76,3e-07,0.9230769276618958
0.0003,0.79,0.61,2e-07,0.9358974099159241
0.0001,0.7,0.64,8e-07,0.9358974099159241
0.0006,0.84,0.79,3e-07,0.9081196784973145
0.0005,0.89,0.8,8e-07,0.8995726704597473
0.0007,0.83,0.88,1e-07,0.9294871687889099
0.0007,0.84,0.73,5e-07,0.9273504018783569
0.0005,0.71,0.91,7e-07,0.9209401607513428
0.0007,0.9,0.87,1e-07,0.9230769276618958
0.0004,0.53,0.94,3e-07,0.9081196784973145
0.0002,0.62,0.83,2e-07,0.9316239356994629
0.0006,0.75,0.52,6e-07,0.9252136945724487
0.0005,0.66,0.72,5e-07,0.9145299196243286
0.0005,0.59,0.74,5e-07,0.938034176826477
0.0008,0.66,0.95,4e-07,0.4615384638309479
0.0003,0.62,0.71,8e-07,0.9358974099159241
0.0001,0.98,0.84,6e-07,0.9081196784973145
0.0002,0.74,0.96,3e-07,0.9316239356994629
0.0009,0.56,0.98,7e-07,0.4594016969203949
0.0006,0.61,0.98,6e-07,0.8974359035491943
0.0005,0.53,0.68,7e-07,0.9145299196243286
0.0005,0.86,0.67,4e-07,0.9081196784973145
0.0006,0.69,0.83,7e-07,0.9252136945724487
0.0004,0.81,0.56,3e-07,0.9294871687889099
0.0007,0.94,0.59,3e-07,0.4594016969203949
0.0007,0.6,0.92,4e-07,0.4594016969203949
0.0004,0.54,0.57,9e-07,0.8995726704597473
0.0006,0.78,0.88,5e-07,0.8867521286010742
0.0003,0.95,0.92,2e-07,0.9252136945724487
0.0003,0.91,0.88,1e-07,0.9273504018783569
0.0002,0.52,0.58,8e-07,0.9273504018783569
0.0003,0.97,0.58,4e-07,0.4871794879436493
0.0002,0.74,0.58,1e-07,0.9358974099159241
0.0004,0.7,0.78,7e-07,0.94017094373703
0.0007,0.68,0.89,9e-07,0.9059829115867615
0.0006,0.62,0.7,3e-07,0.9209401607513428
0.0002,0.83,0.78,5e-07,0.9358974099159241
0.0001,0.91,0.72,7e-07,0.9487179517745972
0.0007,0.53,0.96,8e-07,0.6837607026100159
0.0009,0.94,0.76,4e-07,0.4594016969203949
0.0002,0.61,0.72,7e-07,0.9209401607513428
0.0009,0.57,0.88,8e-07,0.8803418874740601
0.0009,0.67,0.71,5e-07,0.942307710647583
0.0008,0.88,0.77,4e-07,0.8653846383094788
0.0006,0.59,0.65,4e-07,0.9081196784973145
0.0008,0.68,0.79,8e-07,0.8611111044883728
0.0008,0.61,0.9,6e-07,0.7735042572021484
0.0007,0.69,0.67,2e-07,0.9145299196243286
0.0008,0.74,0.6,7e-07,0.9294871687889099
0.0002,0.86,0.93,3e-07,0.9444444179534912
0.0003,0.73,0.51,2e-07,0.94017094373703
0.0001,0.97,0.99,3e-07,0.9508547186851501
0.0003,0.83,0.94,6e-07,0.9273504018783569
0.0001,0.95,0.58,4e-07,0.7264957427978516
0.0007,0.91,0.52,7e-07,0.5106837749481201
0.0007,0.53,0.93,6e-07,0.4594016969203949
0.0006,0.53,0.54,8e-07,0.9123931527137756
0.0008,0.65,0.9,2e-07,0.9059829115867615
0.0009,0.67,0.62,4e-07,0.9059829115867615
0.0002,0.78,0.66,5e-07,0.94017094373703
0.0008,0.63,0.61,5e-07,0.9038461446762085
0.0006,0.87,0.89,1e-07,0.9230769276618958
0.0007,0.75,0.81,7e-07,0.8803418874740601
0.0008,0.62,0.72,4e-07,0.94017094373703
0.0007,0.96,0.75,1e-07,0.4615384638309479
0.0004,0.85,0.84,7e-07,0.9273504018783569
0.0003,0.98,0.67,3e-07,0.5064102411270142
0.0008,0.63,0.68,2e-07,0.8952991366386414
0.0004,0.87,0.61,9e-07,0.8611111044883728
0.0005,0.96,0.61,8e-07,0.4594016969203949
0.0002,0.99,0.64,7e-07,0.5705128312110901
0.0008,0.64,0.56,2e-07,0.9273504018783569
0.0005,0.59,0.54,8e-07,0.9059829115867615
0.0006,0.6,0.51,8e-07,0.942307710647583
0.0004,0.9,0.9,6e-07,0.9358974099159241
0.0003,0.87,0.5,5e-07,0.4594016969203949
0.0004,0.84,0.78,6e-07,0.9252136945724487
0.0003,0.89,0.73,5e-07,0.9294871687889099
0.0002,0.82,0.84,8e-07,0.94017094373703
0.0004,0.88,0.86,1e-07,0.938034176826477
0.0004,0.85,0.52,2e-07,0.4615384638309479
0.0007,0.89,0.77,2e-07,0.9017093777656555
0.0003,0.63,0.98,5e-07,0.9059829115867615
0.0003,0.52,0.97,2e-07,0.8995726704597473
0.0006,0.87,0.86,4e-07,0.9123931527137756
0.0005,0.77,0.63,7e-07,0.9294871687889099
0.0006,0.54,0.56,2e-07,0.8931623697280884
0.0008,0.98,0.55,7e-07,0.4594016969203949
0.0006,0.77,0.61,6e-07,0.8739316463470459
0.0006,0.89,0.73,6e-07,0.882478654384613
0.0003,0.89,0.92,2e-07,0.9123931527137756
0.0004,0.9,0.77,4e-07,0.9358974099159241
0.0006,0.6,0.82,2e-07,0.9145299196243286
0.0002,0.87,0.92,7e-07,0.9294871687889099
0.0005,0.52,0.9,4e-07,0.8739316463470459
0.0008,0.95,0.89,3e-07,0.9102563858032227
0.0007,0.75,0.66,1e-07,0.9337607026100159
0.0004,0.8,0.53,5e-07,0.8782051205635071
0.0005,0.73,0.73,7e-07,0.8653846383094788
0.0003,0.98,0.95,3e-07,0.9188033938407898
0.0004,0.71,0.92,3e-07,0.8995726704597473
0.0008,0.57,0.95,3e-07,0.6153846383094788
0.0007,0.59,0.74,8e-07,0.8931623697280884
0.0008,0.81,0.65,8e-07,0.4594016969203949
0.0003,0.93,0.88,1e-07,0.9294871687889099
0.0007,0.91,0.83,4e-07,0.9145299196243286
0.0003,0.95,0.7,4e-07,0.49145299196243286
0.0006,0.83,0.76,7e-07,0.9252136945724487
0.0005,0.68,0.94,6e-07,0.9188033938407898
0.0005,0.97,0.67,8e-07,0.46581196784973145
0.0007,0.87,0.93,3e-07,0.9123931527137756
0.0008,0.96,0.66,2e-07,0.4594016969203949
0.0008,0.75,0.57,2e-07,0.8141025900840759
0.0005,0.97,0.85,6e-07,0.7585470080375671
0.0002,0.9,0.55,9e-07,0.8696581125259399
0.0008,0.8,0.72,9e-07,0.4594016969203949
0.0004,0.91,0.52,1e-07,0.4594016969203949
0.0005,0.72,0.63,5e-07,0.9081196784973145
0.0003,0.7,0.93,4e-07,0.94017094373703
0.0006,0.86,0.65,4e-07,0.4594016969203949
0.0005,0.94,0.82,2e-07,0.811965823173523
0.0007,0.81,0.8,2e-07,0.8931623697280884
0.0005,0.6,0.65,3e-07,0.9252136945724487
0.0006,0.51,0.73,7e-07,0.8760683536529541
0.0003,0.54,0.5,4e-07,0.9273504018783569
0.0005,0.97,0.62,3e-07,0.5448718070983887
0.0003,0.67,0.79,4e-07,0.9273504018783569
0.0005,0.91,0.55,4e-07,0.4594016969203949
0.0007,0.96,0.78,8e-07,0.470085471868515
0.0008,0.68,0.66,6e-07,0.8995726704597473
0.0001,0.82,0.7,6e-07,0.9636752009391785
0.0002,0.8,0.78,8e-07,0.9444444179534912
0.0007,0.5,0.59,6e-07,0.9102563858032227
0.0008,0.5,0.75,8e-07,0.8739316463470459
0.0004,0.75,0.5,4e-07,0.8931623697280884
0.0003,0.62,0.91,3e-07,0.9294871687889099
0.0008,0.92,0.9,8e-07,0.8803418874740601
0.0001,0.81,0.5,4e-07,0.9444444179534912
0.0006,0.89,0.61,2e-07,0.49358972907066345
0.0004,0.67,0.52,2e-07,0.8974359035491943
0.0009,0.56,0.91,6e-07,0.4594016969203949
0.0007,0.6,0.83,3e-07,0.8418803215026855
0.0007,0.65,0.7,4e-07,0.9166666865348816
0.0009,0.59,0.87,6e-07,0.4594016969203949
0.0007,0.51,0.91,3e-07,0.561965823173523
0.0007,0.82,0.51,4e-07,0.557692289352417
0.0006,0.74,0.93,7e-07,0.8739316463470459
0.0001,0.73,0.87,2e-07,0.9551281929016113
0.0003,0.6,0.85,5e-07,0.9252136945724487
0.0008,0.69,0.94,2e-07,0.4594016969203949
0.0008,0.97,0.75,7e-07,0.6794871687889099
0.0008,0.88,0.68,8e-07,0.5961538553237915
0.0003,0.62,0.73,2e-07,0.9337607026100159
0.0006,0.79,0.88,2e-07,0.8931623697280884
0.0007,0.88,0.86,6e-07,0.8568376302719116
0.0008,0.67,0.9,6e-07,0.8397436141967773
0.0002,0.96,0.98,9e-07,0.9551281929016113
0.0008,0.94,0.84,1e-07,0.8525640964508057
0.0007,0.88,0.74,2e-07,0.4615384638309479
0.0004,0.71,0.58,5e-07,0.9273504018783569
0.0005,0.94,0.81,1e-07,0.8696581125259399
0.0007,0.73,0.8,2e-07,0.9358974099159241
0.0005,0.64,0.97,5e-07,0.7863247990608215
0.0003,0.52,0.98,7e-07,0.9230769276618958
0.0003,0.58,0.97,3e-07,0.9123931527137756
0.0008,0.54,0.81,5e-07,0.9123931527137756
0.0006,0.86,0.92,2e-07,0.9294871687889099
0.0006,0.56,0.65,1e-07,0.9252136945724487
0.0005,0.8,0.96,3e-07,0.9123931527137756
0.0006,0.6,0.66,1e-07,0.9337607026100159
0.0004,0.82,0.75,4e-07,0.9252136945724487
0.0007,0.89,0.7,4e-07,0.5982906222343445
0.0003,0.57,0.7,5e-07,0.9294871687889099
0.0002,0.77,0.58,2e-07,0.9188033938407898
0.0005,0.57,0.58,6e-07,0.9038461446762085
0.0007,0.64,0.51,3e-07,0.4594016969203949
0.0006,0.73,0.84,8e-07,0.9059829115867615
0.0009,0.53,0.73,7e-07,0.49358972907066345
0.0003,0.57,0.73,8e-07,0.9166666865348816
0.0004,0.96,0.63,7e-07,0.4594016969203949
0.0001,0.85,0.82,2e-07,0.9529914259910583
0.0004,0.64,0.6,3e-07,0.9230769276618958
0.0001,0.71,0.89,8e-07,0.9252136945724487
0.0002,0.85,0.65,5e-07,0.9294871687889099
0.0006,0.9,0.9,5e-07,0.9166666865348816
0.0004,0.67,0.87,4e-07,0.9230769276618958
0.0006,0.67,0.8,8e-07,0.8846153616905212
0.0004,0.97,0.52,6e-07,0.4594016969203949
0.0007,0.62,0.67,4e-07,0.9188033938407898
0.0006,0.67,0.76,8e-07,0.9316239356994629
0.0003,0.55,0.98,7e-07,0.9145299196243286
0.0003,0.93,0.6,8e-07,0.5085470080375671
0.0004,0.82,0.51,7e-07,0.8653846383094788
0.0003,0.82,0.71,1e-07,0.938034176826477
0.0001,0.65,0.85,1e-07,0.9487179517745972
0.0006,0.89,0.68,4e-07,0.6047008633613586
0.0007,0.72,0.87,6e-07,0.9017093777656555
0.0005,0.59,0.97,9e-07,0.8183760643005371
0.0007,0.63,0.73,2e-07,0.9273504018783569
0.0002,0.68,0.65,6e-07,0.9465811848640442
0.0004,0.68,0.55,1e-07,0.9316239356994629
0.0003,0.57,0.84,7e-07,0.9487179517745972
0.0001,0.91,0.6,2e-07,0.9294871687889099
0.0008,0.69,0.74,8e-07,0.9230769276618958
0.0003,0.56,0.51,8e-07,0.9252136945724487
0.0004,0.72,0.51,5e-07,0.8995726704597473
0.0002,0.66,0.82,8e-07,0.938034176826477
0.0001,0.58,0.92,6e-07,0.9444444179534912
0.0005,0.58,0.74,2e-07,0.942307710647583
0.0005,0.92,0.72,8e-07,0.5918803215026855
0.0006,0.63,0.75,3e-07,0.9145299196243286
0.0007,0.91,0.54,3e-07,0.4594016969203949
0.0007,0.67,0.74,4e-07,0.9123931527137756
0.0006,0.75,0.83,1e-07,0.9188033938407898
0.0009,0.62,0.73,7e-07,0.8739316463470459
0.0002,0.63,0.91,2e-07,0.9337607026100159
0.0004,0.73,0.92,9e-07,0.9145299196243286
0.0007,0.76,0.71,8e-07,0.9102563858032227
0.0006,0.66,0.92,5e-07,0.6773504018783569
0.0002,0.76,0.77,6e-07,0.9358974099159241
0.0003,0.61,0.85,1e-07,0.9294871687889099
0.0008,0.61,0.64,8e-07,0.8995726704597473
0.0008,0.66,0.73,8e-07,0.8995726704597473
0.0004,0.94,0.97,5e-07,0.9145299196243286
0.0001,0.93,0.7,1e-07,0.9166666865348816
0.0007,0.54,0.51,5e-07,0.882478654384613
0.0008,0.81,0.68,9e-07,0.8888888955116272
0.0006,0.94,0.51,7e-07,0.4594016969203949
0.0001,0.75,0.64,9e-07,0.9508547186851501
0.0008,0.75,0.75,9e-07,0.9123931527137756
0.0008,0.64,0.71,8e-07,0.9038461446762085
0.0003,0.82,0.83,5e-07,0.9615384340286255
0.0005,0.83,0.86,8e-07,0.9145299196243286
0.0007,0.79,0.64,2e-07,0.9209401607513428
0.0003,0.67,0.54,4e-07,0.9294871687889099
0.0006,0.82,0.7,5e-07,0.4594016969203949
0.0002,0.88,0.94,2e-07,0.9316239356994629
0.0008,0.83,0.61,3e-07,0.5769230723381042
0.0008,0.61,0.62,7e-07,0.9166666865348816
0.0008,0.78,0.78,5e-07,0.942307710647583
0.0004,0.74,0.74,3e-07,0.942307710647583
0.0006,0.61,0.89,2e-07,0.9166666865348816
0.0008,0.94,0.91,6e-07,0.8717948794364929
0.0004,0.81,0.8,5e-07,0.9316239356994629
0.0002,0.89,0.83,8e-07,0.942307710647583
0.0005,0.71,0.95,4e-07,0.9252136945724487
0.0007,0.72,0.55,4e-07,0.4594016969203949
0.0007,0.81,0.7,5e-07,0.9102563858032227
0.0006,0.85,0.77,5e-07,0.9102563858032227
0.0008,0.63,0.71,8e-07,0.8589743375778198
0.0002,0.92,0.57,3e-07,0.5961538553237915
0.0003,0.52,0.95,7e-07,0.8547008633613586
0.0008,0.72,0.88,2e-07,0.8739316463470459
0.0002,0.58,0.87,4e-07,0.9358974099159241
0.0007,0.61,0.58,4e-07,0.9081196784973145
0.0002,0.62,0.6,9e-07,0.94017094373703
0.0002,0.86,0.95,3e-07,0.9123931527137756
0.0006,0.78,0.81,6e-07,0.9230769276618958
0.0002,0.89,0.52,2e-07,0.46581196784973145
0.0003,0.68,0.9,8e-07,0.9188033938407898
0.0005,0.81,0.52,9e-07,0.6346153616905212
0.0003,0.66,0.6,8e-07,0.9572649598121643
0.0002,0.7,0.99,6e-07,0.9294871687889099
0.0001,0.67,0.9,3e-07,0.9508547186851501
0.0004,0.52,0.67,6e-07,0.9337607026100159
0.0005,0.96,0.81,5e-07,0.6517093777656555
0.0002,0.94,0.96,7e-07,0.94017094373703
0.0003,0.83,0.98,2e-07,0.9358974099159241
0.0005,0.77,0.79,5e-07,0.8995726704597473
0.0004,0.51,0.85,3e-07,0.8653846383094788
0.0008,0.92,0.96,3e-07,0.8760683536529541
0.0004,0.72,0.74,2e-07,0.9273504018783569
0.0005,0.72,0.67,6e-07,0.9252136945724487
0.0002,0.73,0.61,6e-07,0.9358974099159241
0.0004,0.96,0.59,5e-07,0.4594016969203949
0.0004,0.73,0.89,4e-07,0.9294871687889099
0.0005,0.75,0.93,3e-07,0.9316239356994629
0.0004,0.8,0.8,2e-07,0.9337607026100159
0.0003,0.97,0.99,2e-07,0.9188033938407898
0.0009,0.77,0.55,2e-07,0.8760683536529541
0.0006,0.64,0.79,1e-07,0.9273504018783569
0.0008,0.66,0.53,3e-07,0.8760683536529541
0.0002,0.97,0.72,1e-07,0.7286324501037598
0.0002,0.96,0.81,7e-07,0.9188033938407898
0.0002,0.66,0.55,2e-07,0.9273504018783569
0.0004,0.95,0.68,9e-07,0.4594016969203949
0.0004,0.87,0.94,5e-07,0.9017093777656555
0.0003,0.8,0.87,3e-07,0.9230769276618958
0.0008,0.65,0.6,3e-07,0.9252136945724487
0.0004,0.71,0.88,6e-07,0.9358974099159241
0.0004,0.54,0.76,5e-07,0.9188033938407898
0.0005,0.71,0.53,6e-07,0.8952991366386414
0.0002,0.63,0.59,7e-07,0.94017094373703
0.0006,0.7,0.68,6e-07,0.9209401607513428
0.0002,0.75,0.7,5e-07,0.9337607026100159
0.0004,0.59,0.51,7e-07,0.9188033938407898
0.0002,0.59,0.72,8e-07,0.9508547186851501
0.0007,0.81,0.81,5e-07,0.9294871687889099
0.0008,0.66,0.67,2e-07,0.8995726704597473
0.0004,0.59,0.6,2e-07,0.9273504018783569
0.0008,0.92,0.89,7e-07,0.4594016969203949
0.0008,0.71,0.72,6e-07,0.9188033938407898
0.0004,0.86,0.5,5e-07,0.4594016969203949
0.0008,0.8,0.62,7e-07,0.9038461446762085
0.0008,0.62,0.93,2e-07,0.4594016969203949
0.0002,0.65,0.77,5e-07,0.9230769276618958
0.0007,0.98,0.71,4e-07,0.4871794879436493
0.0005,0.6,0.63,4e-07,0.9358974099159241
0.0006,0.55,0.62,2e-07,0.9123931527137756
0.0002,0.71,0.91,8e-07,0.9252136945724487
0.0007,0.66,0.81,3e-07,0.8974359035491943
0.0009,0.94,0.67,6e-07,0.4594016969203949
0.0008,0.91,0.57,1e-07,0.49358972907066345
0.0005,0.56,0.96,3e-07,0.9059829115867615
0.0005,0.59,0.65,5e-07,0.9188033938407898
0.0005,0.99,0.9,5e-07,0.692307710647583
0.0002,0.93,0.53,6e-07,0.557692289352417
0.0008,0.89,0.78,4e-07,0.9294871687889099
0.0009,0.52,0.77,3e-07,0.8803418874740601
0.0004,0.89,0.9,7e-07,0.9358974099159241
0.0007,0.62,0.85,3e-07,0.9102563858032227
0.0002,0.6,0.77,6e-07,0.9316239356994629
0.0002,0.66,0.84,8e-07,0.9166666865348816
0.0003,0.75,0.68,3e-07,0.94017094373703
0.0007,0.66,0.59,8e-07,0.8995726704597473
0.0005,0.8,0.54,5e-07,0.8846153616905212
0.0007,0.96,0.7,6e-07,0.4594016969203949
0.0003,0.92,0.65,5e-07,0.5427350401878357
0.0005,0.82,0.66,8e-07,0.8974359035491943
0.0006,0.77,0.81,5e-07,0.9358974099159241
0.0004,0.55,0.57,6e-07,0.94017094373703
0.0009,0.78,0.82,2e-07,0.9123931527137756
0.0006,0.74,0.62,6e-07,0.9059829115867615
0.0006,0.69,0.56,1e-07,0.9188033938407898
0.0009,0.71,0.7,4e-07,0.9294871687889099
0.0005,0.76,0.77,6e-07,0.9358974099159241
0.0005,0.81,0.67,7e-07,0.9294871687889099
0.0005,0.55,0.56,3e-07,0.8803418874740601
0.0008,0.81,0.8,2e-07,0.9166666865348816
0.0002,0.87,0.69,8e-07,0.9123931527137756
0.0004,0.73,0.92,3e-07,0.9273504018783569
0.0006,0.7,0.91,6e-07,0.7756410241127014
0.0005,0.79,0.55,1e-07,0.4594016969203949
0.0004,0.82,0.95,3e-07,0.9337607026100159
0.0001,0.88,0.65,8e-07,0.942307710647583
0.0003,0.73,0.78,2e-07,0.9188033938407898
0.0008,0.65,0.84,2e-07,0.9017093777656555
0.0005,0.51,0.99,4e-07,0.4594016969203949
0.0004,0.86,0.8,4e-07,0.9316239356994629
0.0006,0.98,0.68,7e-07,0.4594016969203949
0.0004,0.88,0.97,2e-07,0.9038461446762085
0.0005,0.51,0.94,7e-07,0.4594016969203949
0.0006,0.84,0.66,3e-07,0.9166666865348816
0.0004,0.62,0.78,4e-07,0.94017094373703
0.0001,0.8,0.8,1e-07,0.9572649598121643
0.0007,0.83,0.82,8e-07,0.9038461446762085
0.0008,0.5,0.9,2e-07,0.4594016969203949
0.0007,0.95,0.58,6e-07,0.4594016969203949
0.0003,0.72,0.58,5e-07,0.94017094373703
0.0005,0.83,0.53,8e-07,0.8782051205635071
0.0005,0.52,0.8,6e-07,0.9102563858032227
0.0008,0.66,0.62,3e-07,0.9209401607513428
0.0002,0.92,0.59,6e-07,0.8269230723381042
0.0003,0.97,0.58,2e-07,0.4594016969203949
0.0006,0.7,0.65,7e-07,0.9081196784973145
0.0001,0.83,0.98,2e-07,0.9444444179534912
0.0003,0.61,0.76,1e-07,0.938034176826477
0.0005,0.95,0.94,6e-07,0.9252136945724487
0.0004,0.53,0.58,4e-07,0.9273504018783569
0.0004,0.81,0.64,5e-07,0.4594016969203949
0.0002,0.67,0.56,3e-07,0.9102563858032227
0.0006,0.95,0.88,2e-07,0.8931623697280884
0.0001,0.79,0.65,5e-07,0.9487179517745972
0.0009,0.52,0.56,5e-07,0.4594016969203949
0.0007,0.79,0.88,5e-07,0.8910256624221802
0.0009,0.91,0.92,2e-07,0.8974359035491943
0.0005,0.71,0.71,4e-07,0.9252136945724487
0.0005,0.77,0.57,9e-07,0.9038461446762085
0.0006,0.9,0.56,8e-07,0.4594016969203949
0.0007,0.64,0.99,7e-07,0.4594016969203949
0.0007,0.72,0.75,3e-07,0.9465811848640442
0.0004,0.59,0.92,7e-07,0.9230769276618958
0.0001,0.91,0.64,3e-07,0.942307710647583
